<?xml version="1.0" encoding="UTF-8"?>
<!-- Generated by org.testng.reporters.JUnitReportReporter -->
<testsuite hostname="apples-MacBook-Air-4.local" failures="0" tests="3" name="com.connectsecure.test.ui.connectsecure.TestGenralSettingsPage" time="45.336" errors="0" timestamp="2024-04-03T17:39:12 IST" skipped="0">
  <testcase classname="com.connectsecure.test.ui.connectsecure.TestGenralSettingsPage" name="testLogIn" time="34.110"/>
  <system-out/>
  <testcase classname="com.connectsecure.test.ui.connectsecure.TestGenralSettingsPage" name="testGenralSetting" time="7.810"/>
  <system-out/>
  <testcase classname="com.connectsecure.test.ui.connectsecure.TestGenralSettingsPage" name="testToggleToDarkTheme" time="3.416"/>
  <system-out/>
</testsuite> <!-- com.connectsecure.test.ui.connectsecure.TestGenralSettingsPage -->
