<?xml version="1.0" encoding="UTF-8"?>
<!-- Generated by org.testng.reporters.JUnitReportReporter -->
<testsuite hostname="apples-MacBook-Air-4.local" failures="0" tests="4" name="com.connectsecure.test.ui.connectsecure.TestTagRulePage" time="94.841" errors="0" timestamp="2024-04-03T17:39:12 IST" skipped="0">
  <testcase classname="com.connectsecure.test.ui.connectsecure.TestTagRulePage" name="testLogIn" time="30.304"/>
  <system-out/>
  <testcase classname="com.connectsecure.test.ui.connectsecure.TestTagRulePage" name="testAddTagRule" time="28.459"/>
  <system-out/>
  <testcase classname="com.connectsecure.test.ui.connectsecure.TestTagRulePage" name="testTagActionDelete" time="12.457"/>
  <system-out/>
  <testcase classname="com.connectsecure.test.ui.connectsecure.TestTagRulePage" name="testTagActionEdit" time="23.621"/>
  <system-out/>
</testsuite> <!-- com.connectsecure.test.ui.connectsecure.TestTagRulePage -->
