<?xml version="1.0" encoding="UTF-8"?>
<!-- Generated by org.testng.reporters.JUnitReportReporter -->
<testsuite hostname="apples-MacBook-Air-4.local" failures="0" tests="1" name="com.connectsecure.test.ui.connectsecure.TestLogInPage" time="39.640" errors="0" timestamp="2024-04-03T17:39:12 IST" skipped="0">
  <testcase classname="com.connectsecure.test.ui.connectsecure.TestLogInPage" name="testLogIn" time="39.640"/>
  <system-out/>
</testsuite> <!-- com.connectsecure.test.ui.connectsecure.TestLogInPage -->
