<?xml version="1.0" encoding="UTF-8"?>
<!-- Generated by org.testng.reporters.JUnitReportReporter -->
<testsuite hostname="apples-MacBook-Air-4.local" failures="0" tests="2" name="com.connectsecure.test.ui.connectsecure.TestCreateCompanyPage" time="53.470" errors="0" timestamp="2024-04-03T17:39:12 IST" skipped="0">
  <testcase classname="com.connectsecure.test.ui.connectsecure.TestCreateCompanyPage" name="testLogIn" time="31.701"/>
  <system-out/>
  <testcase classname="com.connectsecure.test.ui.connectsecure.TestCreateCompanyPage" name="testCreateCompany" time="21.769"/>
  <system-out/>
</testsuite> <!-- com.connectsecure.test.ui.connectsecure.TestCreateCompanyPage -->
